The system is: Linux - 3.10.0-1160.62.1.el7.x86_64 - x86_64
Compiling the C compiler identification source file "CMakeCCompilerId.c" succeeded.
Compiler: /nfs_eda_sw/softwares/opensource/gcc/gcc-11.2.0/bin/gcc 
Build flags: 
Id flags:  

The output was:
0


Compilation of the C compiler identification source "CMakeCCompilerId.c" produced "a.out"

The C compiler identification is GNU, found in "/nfs_scratch/scratch/eda/behzad/Raptor/Raptor_Tools/gatelevel_readers/compare_ports/CMakeFiles/3.16.2/CompilerIdC/a.out"

Compiling the CXX compiler identification source file "CMakeCXXCompilerId.cpp" succeeded.
Compiler: /nfs_eda_sw/softwares/opensource/gcc/gcc-11.2.0/bin/g++ 
Build flags: 
Id flags:  

The output was:
0


Compilation of the CXX compiler identification source "CMakeCXXCompilerId.cpp" produced "a.out"

The CXX compiler identification is GNU, found in "/nfs_scratch/scratch/eda/behzad/Raptor/Raptor_Tools/gatelevel_readers/compare_ports/CMakeFiles/3.16.2/CompilerIdCXX/a.out"

Determining if the C compiler works passed with the following output:
Change Dir: /nfs_scratch/scratch/eda/behzad/Raptor/Raptor_Tools/gatelevel_readers/compare_ports/CMakeFiles/CMakeTmp

Run Build Command(s):/usr/bin/gmake cmTC_61e18/fast && /usr/bin/gmake -f CMakeFiles/cmTC_61e18.dir/build.make CMakeFiles/cmTC_61e18.dir/build
gmake[1]: Entering directory `/nfs_scratch/scratch/eda/behzad/Raptor/Raptor_Tools/gatelevel_readers/compare_ports/CMakeFiles/CMakeTmp'
Building C object CMakeFiles/cmTC_61e18.dir/testCCompiler.c.o
/nfs_eda_sw/softwares/opensource/gcc/gcc-11.2.0/bin/gcc    -o CMakeFiles/cmTC_61e18.dir/testCCompiler.c.o   -c /nfs_scratch/scratch/eda/behzad/Raptor/Raptor_Tools/gatelevel_readers/compare_ports/CMakeFiles/CMakeTmp/testCCompiler.c
Linking C executable cmTC_61e18
/nfs_cadtools/opensource/cmake-3.16.2-Linux-x86_64/bin/cmake -E cmake_link_script CMakeFiles/cmTC_61e18.dir/link.txt --verbose=1
/nfs_eda_sw/softwares/opensource/gcc/gcc-11.2.0/bin/gcc      CMakeFiles/cmTC_61e18.dir/testCCompiler.c.o  -o cmTC_61e18 
gmake[1]: Leaving directory `/nfs_scratch/scratch/eda/behzad/Raptor/Raptor_Tools/gatelevel_readers/compare_ports/CMakeFiles/CMakeTmp'



Detecting C compiler ABI info compiled with the following output:
Change Dir: /nfs_scratch/scratch/eda/behzad/Raptor/Raptor_Tools/gatelevel_readers/compare_ports/CMakeFiles/CMakeTmp

Run Build Command(s):/usr/bin/gmake cmTC_82bf7/fast && /usr/bin/gmake -f CMakeFiles/cmTC_82bf7.dir/build.make CMakeFiles/cmTC_82bf7.dir/build
gmake[1]: Entering directory `/nfs_scratch/scratch/eda/behzad/Raptor/Raptor_Tools/gatelevel_readers/compare_ports/CMakeFiles/CMakeTmp'
Building C object CMakeFiles/cmTC_82bf7.dir/CMakeCCompilerABI.c.o
/nfs_eda_sw/softwares/opensource/gcc/gcc-11.2.0/bin/gcc   -v -o CMakeFiles/cmTC_82bf7.dir/CMakeCCompilerABI.c.o   -c /nfs_cadtools/opensource/cmake-3.16.2-Linux-x86_64/share/cmake-3.16/Modules/CMakeCCompilerABI.c
Using built-in specs.
COLLECT_GCC=/nfs_eda_sw/softwares/opensource/gcc/gcc-11.2.0/bin/gcc
Target: x86_64-unknown-linux-gnu
Configured with: /nfs_eda_sw/softwares/opensource/gcc/gcc-11.2.0_source/gcc-11.2.0/configure --prefix=/nfs_eda_sw/softwares/opensource/gcc/gcc-11.2.0 --enable-bootstrap --enable-shared --enable-threads=posix --enable-checking=release --with-system-zlib --enable-__cxa_atexit --disable-libunwind-exceptions --enable-linker-build-id --enable-languages=c,c++,lto --disable-vtable-verify --with-default-libstdcxx-abi=new --enable-libstdcxx-debug --without-included-gettext --enable-plugin --disable-initfini-array --disable-libgcj --enable-plugin --disable-multilib --with-tune=generic --build=x86_64-unknown-linux-gnu --target=x86_64-unknown-linux-gnu --host=x86_64-unknown-linux-gnu --with-pkgversion=RapidSilicon
Thread model: posix
Supported LTO compression algorithms: zlib
gcc version 11.2.0 (RapidSilicon) 
COLLECT_GCC_OPTIONS='-v' '-o' 'CMakeFiles/cmTC_82bf7.dir/CMakeCCompilerABI.c.o' '-c' '-mtune=generic' '-march=x86-64' '-dumpdir' 'CMakeFiles/cmTC_82bf7.dir/'
 /nfs_eda_sw/softwares/opensource/gcc/gcc-11.2.0/libexec/gcc/x86_64-unknown-linux-gnu/11.2.0/cc1 -quiet -v /nfs_cadtools/opensource/cmake-3.16.2-Linux-x86_64/share/cmake-3.16/Modules/CMakeCCompilerABI.c -quiet -dumpdir CMakeFiles/cmTC_82bf7.dir/ -dumpbase CMakeCCompilerABI.c.c -dumpbase-ext .c -mtune=generic -march=x86-64 -version -o /tmp/cct6nG37.s
GNU C17 (RapidSilicon) version 11.2.0 (x86_64-unknown-linux-gnu)
	compiled by GNU C version 11.2.0, GMP version 6.1.2, MPFR version 3.1.6, MPC version 1.0.3, isl version isl-0.18-GMP

GGC heuristics: --param ggc-min-expand=100 --param ggc-min-heapsize=131072
ignoring nonexistent directory "/nfs_eda_sw/softwares/opensource/gcc/gcc-11.2.0/lib/gcc/x86_64-unknown-linux-gnu/11.2.0/../../../../x86_64-unknown-linux-gnu/include"
#include "..." search starts here:
#include <...> search starts here:
 /nfs_eda_sw/softwares/opensource/gcc/gcc-11.2.0/lib/gcc/x86_64-unknown-linux-gnu/11.2.0/include
 /usr/local/include
 /nfs_eda_sw/softwares/opensource/gcc/gcc-11.2.0/include
 /nfs_eda_sw/softwares/opensource/gcc/gcc-11.2.0/lib/gcc/x86_64-unknown-linux-gnu/11.2.0/include-fixed
 /usr/include
End of search list.
GNU C17 (RapidSilicon) version 11.2.0 (x86_64-unknown-linux-gnu)
	compiled by GNU C version 11.2.0, GMP version 6.1.2, MPFR version 3.1.6, MPC version 1.0.3, isl version isl-0.18-GMP

GGC heuristics: --param ggc-min-expand=100 --param ggc-min-heapsize=131072
Compiler executable checksum: e7ed2edf02acc427bcd723ee689bda21
COLLECT_GCC_OPTIONS='-v' '-o' 'CMakeFiles/cmTC_82bf7.dir/CMakeCCompilerABI.c.o' '-c' '-mtune=generic' '-march=x86-64' '-dumpdir' 'CMakeFiles/cmTC_82bf7.dir/'
 as -v --64 -o CMakeFiles/cmTC_82bf7.dir/CMakeCCompilerABI.c.o /tmp/cct6nG37.s
GNU assembler version 2.27 (x86_64-redhat-linux) using BFD version version 2.27-44.base.el7_9.1
COMPILER_PATH=/nfs_eda_sw/softwares/opensource/gcc/gcc-11.2.0/libexec/gcc/x86_64-unknown-linux-gnu/11.2.0/:/nfs_eda_sw/softwares/opensource/gcc/gcc-11.2.0/libexec/gcc/x86_64-unknown-linux-gnu/11.2.0/:/nfs_eda_sw/softwares/opensource/gcc/gcc-11.2.0/libexec/gcc/x86_64-unknown-linux-gnu/:/nfs_eda_sw/softwares/opensource/gcc/gcc-11.2.0/lib/gcc/x86_64-unknown-linux-gnu/11.2.0/:/nfs_eda_sw/softwares/opensource/gcc/gcc-11.2.0/lib/gcc/x86_64-unknown-linux-gnu/
LIBRARY_PATH=/nfs_eda_sw/softwares/opensource/gcc/gcc-11.2.0/lib/gcc/x86_64-unknown-linux-gnu/11.2.0/:/nfs_eda_sw/softwares/opensource/gcc/gcc-11.2.0/lib/gcc/x86_64-unknown-linux-gnu/11.2.0/../../../../lib64/:/lib/../lib64/:/usr/lib/../lib64/:/nfs_eda_sw/softwares/opensource/gcc/gcc-11.2.0/lib/gcc/x86_64-unknown-linux-gnu/11.2.0/../../../:/lib/:/usr/lib/
COLLECT_GCC_OPTIONS='-v' '-o' 'CMakeFiles/cmTC_82bf7.dir/CMakeCCompilerABI.c.o' '-c' '-mtune=generic' '-march=x86-64' '-dumpdir' 'CMakeFiles/cmTC_82bf7.dir/CMakeCCompilerABI.c.'
Linking C executable cmTC_82bf7
/nfs_cadtools/opensource/cmake-3.16.2-Linux-x86_64/bin/cmake -E cmake_link_script CMakeFiles/cmTC_82bf7.dir/link.txt --verbose=1
/nfs_eda_sw/softwares/opensource/gcc/gcc-11.2.0/bin/gcc     -v CMakeFiles/cmTC_82bf7.dir/CMakeCCompilerABI.c.o  -o cmTC_82bf7 
Using built-in specs.
COLLECT_GCC=/nfs_eda_sw/softwares/opensource/gcc/gcc-11.2.0/bin/gcc
COLLECT_LTO_WRAPPER=/nfs_eda_sw/softwares/opensource/gcc/gcc-11.2.0/libexec/gcc/x86_64-unknown-linux-gnu/11.2.0/lto-wrapper
Target: x86_64-unknown-linux-gnu
Configured with: /nfs_eda_sw/softwares/opensource/gcc/gcc-11.2.0_source/gcc-11.2.0/configure --prefix=/nfs_eda_sw/softwares/opensource/gcc/gcc-11.2.0 --enable-bootstrap --enable-shared --enable-threads=posix --enable-checking=release --with-system-zlib --enable-__cxa_atexit --disable-libunwind-exceptions --enable-linker-build-id --enable-languages=c,c++,lto --disable-vtable-verify --with-default-libstdcxx-abi=new --enable-libstdcxx-debug --without-included-gettext --enable-plugin --disable-initfini-array --disable-libgcj --enable-plugin --disable-multilib --with-tune=generic --build=x86_64-unknown-linux-gnu --target=x86_64-unknown-linux-gnu --host=x86_64-unknown-linux-gnu --with-pkgversion=RapidSilicon
Thread model: posix
Supported LTO compression algorithms: zlib
gcc version 11.2.0 (RapidSilicon) 
COMPILER_PATH=/nfs_eda_sw/softwares/opensource/gcc/gcc-11.2.0/libexec/gcc/x86_64-unknown-linux-gnu/11.2.0/:/nfs_eda_sw/softwares/opensource/gcc/gcc-11.2.0/libexec/gcc/x86_64-unknown-linux-gnu/11.2.0/:/nfs_eda_sw/softwares/opensource/gcc/gcc-11.2.0/libexec/gcc/x86_64-unknown-linux-gnu/:/nfs_eda_sw/softwares/opensource/gcc/gcc-11.2.0/lib/gcc/x86_64-unknown-linux-gnu/11.2.0/:/nfs_eda_sw/softwares/opensource/gcc/gcc-11.2.0/lib/gcc/x86_64-unknown-linux-gnu/
LIBRARY_PATH=/nfs_eda_sw/softwares/opensource/gcc/gcc-11.2.0/lib/gcc/x86_64-unknown-linux-gnu/11.2.0/:/nfs_eda_sw/softwares/opensource/gcc/gcc-11.2.0/lib/gcc/x86_64-unknown-linux-gnu/11.2.0/../../../../lib64/:/lib/../lib64/:/usr/lib/../lib64/:/nfs_eda_sw/softwares/opensource/gcc/gcc-11.2.0/lib/gcc/x86_64-unknown-linux-gnu/11.2.0/../../../:/lib/:/usr/lib/
COLLECT_GCC_OPTIONS='-v' '-o' 'cmTC_82bf7' '-mtune=generic' '-march=x86-64' '-dumpdir' 'cmTC_82bf7.'
 /nfs_eda_sw/softwares/opensource/gcc/gcc-11.2.0/libexec/gcc/x86_64-unknown-linux-gnu/11.2.0/collect2 -plugin /nfs_eda_sw/softwares/opensource/gcc/gcc-11.2.0/libexec/gcc/x86_64-unknown-linux-gnu/11.2.0/liblto_plugin.so -plugin-opt=/nfs_eda_sw/softwares/opensource/gcc/gcc-11.2.0/libexec/gcc/x86_64-unknown-linux-gnu/11.2.0/lto-wrapper -plugin-opt=-fresolution=/tmp/ccu0sMBe.res -plugin-opt=-pass-through=-lgcc -plugin-opt=-pass-through=-lgcc_s -plugin-opt=-pass-through=-lc -plugin-opt=-pass-through=-lgcc -plugin-opt=-pass-through=-lgcc_s --build-id --eh-frame-hdr -m elf_x86_64 -dynamic-linker /lib64/ld-linux-x86-64.so.2 -o cmTC_82bf7 /lib/../lib64/crt1.o /lib/../lib64/crti.o /nfs_eda_sw/softwares/opensource/gcc/gcc-11.2.0/lib/gcc/x86_64-unknown-linux-gnu/11.2.0/crtbegin.o -L/nfs_eda_sw/softwares/opensource/gcc/gcc-11.2.0/lib/gcc/x86_64-unknown-linux-gnu/11.2.0 -L/nfs_eda_sw/softwares/opensource/gcc/gcc-11.2.0/lib/gcc/x86_64-unknown-linux-gnu/11.2.0/../../../../lib64 -L/lib/../lib64 -L/usr/lib/../lib64 -L/nfs_eda_sw/softwares/opensource/gcc/gcc-11.2.0/lib/gcc/x86_64-unknown-linux-gnu/11.2.0/../../.. CMakeFiles/cmTC_82bf7.dir/CMakeCCompilerABI.c.o -lgcc --as-needed -lgcc_s --no-as-needed -lc -lgcc --as-needed -lgcc_s --no-as-needed /nfs_eda_sw/softwares/opensource/gcc/gcc-11.2.0/lib/gcc/x86_64-unknown-linux-gnu/11.2.0/crtend.o /lib/../lib64/crtn.o
COLLECT_GCC_OPTIONS='-v' '-o' 'cmTC_82bf7' '-mtune=generic' '-march=x86-64' '-dumpdir' 'cmTC_82bf7.'
gmake[1]: Leaving directory `/nfs_scratch/scratch/eda/behzad/Raptor/Raptor_Tools/gatelevel_readers/compare_ports/CMakeFiles/CMakeTmp'



Parsed C implicit include dir info from above output: rv=done
  found start of include info
  found start of implicit include info
    add: [/nfs_eda_sw/softwares/opensource/gcc/gcc-11.2.0/lib/gcc/x86_64-unknown-linux-gnu/11.2.0/include]
    add: [/usr/local/include]
    add: [/nfs_eda_sw/softwares/opensource/gcc/gcc-11.2.0/include]
    add: [/nfs_eda_sw/softwares/opensource/gcc/gcc-11.2.0/lib/gcc/x86_64-unknown-linux-gnu/11.2.0/include-fixed]
    add: [/usr/include]
  end of search list found
  collapse include dir [/nfs_eda_sw/softwares/opensource/gcc/gcc-11.2.0/lib/gcc/x86_64-unknown-linux-gnu/11.2.0/include] ==> [/nfs_eda_sw/softwares/opensource/gcc/gcc-11.2.0/lib/gcc/x86_64-unknown-linux-gnu/11.2.0/include]
  collapse include dir [/usr/local/include] ==> [/usr/local/include]
  collapse include dir [/nfs_eda_sw/softwares/opensource/gcc/gcc-11.2.0/include] ==> [/nfs_eda_sw/softwares/opensource/gcc/gcc-11.2.0/include]
  collapse include dir [/nfs_eda_sw/softwares/opensource/gcc/gcc-11.2.0/lib/gcc/x86_64-unknown-linux-gnu/11.2.0/include-fixed] ==> [/nfs_eda_sw/softwares/opensource/gcc/gcc-11.2.0/lib/gcc/x86_64-unknown-linux-gnu/11.2.0/include-fixed]
  collapse include dir [/usr/include] ==> [/usr/include]
  implicit include dirs: [/nfs_eda_sw/softwares/opensource/gcc/gcc-11.2.0/lib/gcc/x86_64-unknown-linux-gnu/11.2.0/include;/usr/local/include;/nfs_eda_sw/softwares/opensource/gcc/gcc-11.2.0/include;/nfs_eda_sw/softwares/opensource/gcc/gcc-11.2.0/lib/gcc/x86_64-unknown-linux-gnu/11.2.0/include-fixed;/usr/include]


Parsed C implicit link information from above output:
  link line regex: [^( *|.*[/\])(ld|CMAKE_LINK_STARTFILE-NOTFOUND|([^/\]+-)?ld|collect2)[^/\]*( |$)]
  ignore line: [Change Dir: /nfs_scratch/scratch/eda/behzad/Raptor/Raptor_Tools/gatelevel_readers/compare_ports/CMakeFiles/CMakeTmp]
  ignore line: []
  ignore line: [Run Build Command(s):/usr/bin/gmake cmTC_82bf7/fast && /usr/bin/gmake -f CMakeFiles/cmTC_82bf7.dir/build.make CMakeFiles/cmTC_82bf7.dir/build]
  ignore line: [gmake[1]: Entering directory `/nfs_scratch/scratch/eda/behzad/Raptor/Raptor_Tools/gatelevel_readers/compare_ports/CMakeFiles/CMakeTmp']
  ignore line: [Building C object CMakeFiles/cmTC_82bf7.dir/CMakeCCompilerABI.c.o]
  ignore line: [/nfs_eda_sw/softwares/opensource/gcc/gcc-11.2.0/bin/gcc   -v -o CMakeFiles/cmTC_82bf7.dir/CMakeCCompilerABI.c.o   -c /nfs_cadtools/opensource/cmake-3.16.2-Linux-x86_64/share/cmake-3.16/Modules/CMakeCCompilerABI.c]
  ignore line: [Using built-in specs.]
  ignore line: [COLLECT_GCC=/nfs_eda_sw/softwares/opensource/gcc/gcc-11.2.0/bin/gcc]
  ignore line: [Target: x86_64-unknown-linux-gnu]
  ignore line: [Configured with: /nfs_eda_sw/softwares/opensource/gcc/gcc-11.2.0_source/gcc-11.2.0/configure --prefix=/nfs_eda_sw/softwares/opensource/gcc/gcc-11.2.0 --enable-bootstrap --enable-shared --enable-threads=posix --enable-checking=release --with-system-zlib --enable-__cxa_atexit --disable-libunwind-exceptions --enable-linker-build-id --enable-languages=c c++ lto --disable-vtable-verify --with-default-libstdcxx-abi=new --enable-libstdcxx-debug --without-included-gettext --enable-plugin --disable-initfini-array --disable-libgcj --enable-plugin --disable-multilib --with-tune=generic --build=x86_64-unknown-linux-gnu --target=x86_64-unknown-linux-gnu --host=x86_64-unknown-linux-gnu --with-pkgversion=RapidSilicon]
  ignore line: [Thread model: posix]
  ignore line: [Supported LTO compression algorithms: zlib]
  ignore line: [gcc version 11.2.0 (RapidSilicon) ]
  ignore line: [COLLECT_GCC_OPTIONS='-v' '-o' 'CMakeFiles/cmTC_82bf7.dir/CMakeCCompilerABI.c.o' '-c' '-mtune=generic' '-march=x86-64' '-dumpdir' 'CMakeFiles/cmTC_82bf7.dir/']
  ignore line: [ /nfs_eda_sw/softwares/opensource/gcc/gcc-11.2.0/libexec/gcc/x86_64-unknown-linux-gnu/11.2.0/cc1 -quiet -v /nfs_cadtools/opensource/cmake-3.16.2-Linux-x86_64/share/cmake-3.16/Modules/CMakeCCompilerABI.c -quiet -dumpdir CMakeFiles/cmTC_82bf7.dir/ -dumpbase CMakeCCompilerABI.c.c -dumpbase-ext .c -mtune=generic -march=x86-64 -version -o /tmp/cct6nG37.s]
  ignore line: [GNU C17 (RapidSilicon) version 11.2.0 (x86_64-unknown-linux-gnu)]
  ignore line: [	compiled by GNU C version 11.2.0  GMP version 6.1.2  MPFR version 3.1.6  MPC version 1.0.3  isl version isl-0.18-GMP]
  ignore line: []
  ignore line: [GGC heuristics: --param ggc-min-expand=100 --param ggc-min-heapsize=131072]
  ignore line: [ignoring nonexistent directory "/nfs_eda_sw/softwares/opensource/gcc/gcc-11.2.0/lib/gcc/x86_64-unknown-linux-gnu/11.2.0/../../../../x86_64-unknown-linux-gnu/include"]
  ignore line: [#include "..." search starts here:]
  ignore line: [#include <...> search starts here:]
  ignore line: [ /nfs_eda_sw/softwares/opensource/gcc/gcc-11.2.0/lib/gcc/x86_64-unknown-linux-gnu/11.2.0/include]
  ignore line: [ /usr/local/include]
  ignore line: [ /nfs_eda_sw/softwares/opensource/gcc/gcc-11.2.0/include]
  ignore line: [ /nfs_eda_sw/softwares/opensource/gcc/gcc-11.2.0/lib/gcc/x86_64-unknown-linux-gnu/11.2.0/include-fixed]
  ignore line: [ /usr/include]
  ignore line: [End of search list.]
  ignore line: [GNU C17 (RapidSilicon) version 11.2.0 (x86_64-unknown-linux-gnu)]
  ignore line: [	compiled by GNU C version 11.2.0  GMP version 6.1.2  MPFR version 3.1.6  MPC version 1.0.3  isl version isl-0.18-GMP]
  ignore line: []
  ignore line: [GGC heuristics: --param ggc-min-expand=100 --param ggc-min-heapsize=131072]
  ignore line: [Compiler executable checksum: e7ed2edf02acc427bcd723ee689bda21]
  ignore line: [COLLECT_GCC_OPTIONS='-v' '-o' 'CMakeFiles/cmTC_82bf7.dir/CMakeCCompilerABI.c.o' '-c' '-mtune=generic' '-march=x86-64' '-dumpdir' 'CMakeFiles/cmTC_82bf7.dir/']
  ignore line: [ as -v --64 -o CMakeFiles/cmTC_82bf7.dir/CMakeCCompilerABI.c.o /tmp/cct6nG37.s]
  ignore line: [GNU assembler version 2.27 (x86_64-redhat-linux) using BFD version version 2.27-44.base.el7_9.1]
  ignore line: [COMPILER_PATH=/nfs_eda_sw/softwares/opensource/gcc/gcc-11.2.0/libexec/gcc/x86_64-unknown-linux-gnu/11.2.0/:/nfs_eda_sw/softwares/opensource/gcc/gcc-11.2.0/libexec/gcc/x86_64-unknown-linux-gnu/11.2.0/:/nfs_eda_sw/softwares/opensource/gcc/gcc-11.2.0/libexec/gcc/x86_64-unknown-linux-gnu/:/nfs_eda_sw/softwares/opensource/gcc/gcc-11.2.0/lib/gcc/x86_64-unknown-linux-gnu/11.2.0/:/nfs_eda_sw/softwares/opensource/gcc/gcc-11.2.0/lib/gcc/x86_64-unknown-linux-gnu/]
  ignore line: [LIBRARY_PATH=/nfs_eda_sw/softwares/opensource/gcc/gcc-11.2.0/lib/gcc/x86_64-unknown-linux-gnu/11.2.0/:/nfs_eda_sw/softwares/opensource/gcc/gcc-11.2.0/lib/gcc/x86_64-unknown-linux-gnu/11.2.0/../../../../lib64/:/lib/../lib64/:/usr/lib/../lib64/:/nfs_eda_sw/softwares/opensource/gcc/gcc-11.2.0/lib/gcc/x86_64-unknown-linux-gnu/11.2.0/../../../:/lib/:/usr/lib/]
  ignore line: [COLLECT_GCC_OPTIONS='-v' '-o' 'CMakeFiles/cmTC_82bf7.dir/CMakeCCompilerABI.c.o' '-c' '-mtune=generic' '-march=x86-64' '-dumpdir' 'CMakeFiles/cmTC_82bf7.dir/CMakeCCompilerABI.c.']
  ignore line: [Linking C executable cmTC_82bf7]
  ignore line: [/nfs_cadtools/opensource/cmake-3.16.2-Linux-x86_64/bin/cmake -E cmake_link_script CMakeFiles/cmTC_82bf7.dir/link.txt --verbose=1]
  ignore line: [/nfs_eda_sw/softwares/opensource/gcc/gcc-11.2.0/bin/gcc     -v CMakeFiles/cmTC_82bf7.dir/CMakeCCompilerABI.c.o  -o cmTC_82bf7 ]
  ignore line: [Using built-in specs.]
  ignore line: [COLLECT_GCC=/nfs_eda_sw/softwares/opensource/gcc/gcc-11.2.0/bin/gcc]
  ignore line: [COLLECT_LTO_WRAPPER=/nfs_eda_sw/softwares/opensource/gcc/gcc-11.2.0/libexec/gcc/x86_64-unknown-linux-gnu/11.2.0/lto-wrapper]
  ignore line: [Target: x86_64-unknown-linux-gnu]
  ignore line: [Configured with: /nfs_eda_sw/softwares/opensource/gcc/gcc-11.2.0_source/gcc-11.2.0/configure --prefix=/nfs_eda_sw/softwares/opensource/gcc/gcc-11.2.0 --enable-bootstrap --enable-shared --enable-threads=posix --enable-checking=release --with-system-zlib --enable-__cxa_atexit --disable-libunwind-exceptions --enable-linker-build-id --enable-languages=c c++ lto --disable-vtable-verify --with-default-libstdcxx-abi=new --enable-libstdcxx-debug --without-included-gettext --enable-plugin --disable-initfini-array --disable-libgcj --enable-plugin --disable-multilib --with-tune=generic --build=x86_64-unknown-linux-gnu --target=x86_64-unknown-linux-gnu --host=x86_64-unknown-linux-gnu --with-pkgversion=RapidSilicon]
  ignore line: [Thread model: posix]
  ignore line: [Supported LTO compression algorithms: zlib]
  ignore line: [gcc version 11.2.0 (RapidSilicon) ]
  ignore line: [COMPILER_PATH=/nfs_eda_sw/softwares/opensource/gcc/gcc-11.2.0/libexec/gcc/x86_64-unknown-linux-gnu/11.2.0/:/nfs_eda_sw/softwares/opensource/gcc/gcc-11.2.0/libexec/gcc/x86_64-unknown-linux-gnu/11.2.0/:/nfs_eda_sw/softwares/opensource/gcc/gcc-11.2.0/libexec/gcc/x86_64-unknown-linux-gnu/:/nfs_eda_sw/softwares/opensource/gcc/gcc-11.2.0/lib/gcc/x86_64-unknown-linux-gnu/11.2.0/:/nfs_eda_sw/softwares/opensource/gcc/gcc-11.2.0/lib/gcc/x86_64-unknown-linux-gnu/]
  ignore line: [LIBRARY_PATH=/nfs_eda_sw/softwares/opensource/gcc/gcc-11.2.0/lib/gcc/x86_64-unknown-linux-gnu/11.2.0/:/nfs_eda_sw/softwares/opensource/gcc/gcc-11.2.0/lib/gcc/x86_64-unknown-linux-gnu/11.2.0/../../../../lib64/:/lib/../lib64/:/usr/lib/../lib64/:/nfs_eda_sw/softwares/opensource/gcc/gcc-11.2.0/lib/gcc/x86_64-unknown-linux-gnu/11.2.0/../../../:/lib/:/usr/lib/]
  ignore line: [COLLECT_GCC_OPTIONS='-v' '-o' 'cmTC_82bf7' '-mtune=generic' '-march=x86-64' '-dumpdir' 'cmTC_82bf7.']
  link line: [ /nfs_eda_sw/softwares/opensource/gcc/gcc-11.2.0/libexec/gcc/x86_64-unknown-linux-gnu/11.2.0/collect2 -plugin /nfs_eda_sw/softwares/opensource/gcc/gcc-11.2.0/libexec/gcc/x86_64-unknown-linux-gnu/11.2.0/liblto_plugin.so -plugin-opt=/nfs_eda_sw/softwares/opensource/gcc/gcc-11.2.0/libexec/gcc/x86_64-unknown-linux-gnu/11.2.0/lto-wrapper -plugin-opt=-fresolution=/tmp/ccu0sMBe.res -plugin-opt=-pass-through=-lgcc -plugin-opt=-pass-through=-lgcc_s -plugin-opt=-pass-through=-lc -plugin-opt=-pass-through=-lgcc -plugin-opt=-pass-through=-lgcc_s --build-id --eh-frame-hdr -m elf_x86_64 -dynamic-linker /lib64/ld-linux-x86-64.so.2 -o cmTC_82bf7 /lib/../lib64/crt1.o /lib/../lib64/crti.o /nfs_eda_sw/softwares/opensource/gcc/gcc-11.2.0/lib/gcc/x86_64-unknown-linux-gnu/11.2.0/crtbegin.o -L/nfs_eda_sw/softwares/opensource/gcc/gcc-11.2.0/lib/gcc/x86_64-unknown-linux-gnu/11.2.0 -L/nfs_eda_sw/softwares/opensource/gcc/gcc-11.2.0/lib/gcc/x86_64-unknown-linux-gnu/11.2.0/../../../../lib64 -L/lib/../lib64 -L/usr/lib/../lib64 -L/nfs_eda_sw/softwares/opensource/gcc/gcc-11.2.0/lib/gcc/x86_64-unknown-linux-gnu/11.2.0/../../.. CMakeFiles/cmTC_82bf7.dir/CMakeCCompilerABI.c.o -lgcc --as-needed -lgcc_s --no-as-needed -lc -lgcc --as-needed -lgcc_s --no-as-needed /nfs_eda_sw/softwares/opensource/gcc/gcc-11.2.0/lib/gcc/x86_64-unknown-linux-gnu/11.2.0/crtend.o /lib/../lib64/crtn.o]
    arg [/nfs_eda_sw/softwares/opensource/gcc/gcc-11.2.0/libexec/gcc/x86_64-unknown-linux-gnu/11.2.0/collect2] ==> ignore
    arg [-plugin] ==> ignore
    arg [/nfs_eda_sw/softwares/opensource/gcc/gcc-11.2.0/libexec/gcc/x86_64-unknown-linux-gnu/11.2.0/liblto_plugin.so] ==> ignore
    arg [-plugin-opt=/nfs_eda_sw/softwares/opensource/gcc/gcc-11.2.0/libexec/gcc/x86_64-unknown-linux-gnu/11.2.0/lto-wrapper] ==> ignore
    arg [-plugin-opt=-fresolution=/tmp/ccu0sMBe.res] ==> ignore
    arg [-plugin-opt=-pass-through=-lgcc] ==> ignore
    arg [-plugin-opt=-pass-through=-lgcc_s] ==> ignore
    arg [-plugin-opt=-pass-through=-lc] ==> ignore
    arg [-plugin-opt=-pass-through=-lgcc] ==> ignore
    arg [-plugin-opt=-pass-through=-lgcc_s] ==> ignore
    arg [--build-id] ==> ignore
    arg [--eh-frame-hdr] ==> ignore
    arg [-m] ==> ignore
    arg [elf_x86_64] ==> ignore
    arg [-dynamic-linker] ==> ignore
    arg [/lib64/ld-linux-x86-64.so.2] ==> ignore
    arg [-o] ==> ignore
    arg [cmTC_82bf7] ==> ignore
    arg [/lib/../lib64/crt1.o] ==> ignore
    arg [/lib/../lib64/crti.o] ==> ignore
    arg [/nfs_eda_sw/softwares/opensource/gcc/gcc-11.2.0/lib/gcc/x86_64-unknown-linux-gnu/11.2.0/crtbegin.o] ==> ignore
    arg [-L/nfs_eda_sw/softwares/opensource/gcc/gcc-11.2.0/lib/gcc/x86_64-unknown-linux-gnu/11.2.0] ==> dir [/nfs_eda_sw/softwares/opensource/gcc/gcc-11.2.0/lib/gcc/x86_64-unknown-linux-gnu/11.2.0]
    arg [-L/nfs_eda_sw/softwares/opensource/gcc/gcc-11.2.0/lib/gcc/x86_64-unknown-linux-gnu/11.2.0/../../../../lib64] ==> dir [/nfs_eda_sw/softwares/opensource/gcc/gcc-11.2.0/lib/gcc/x86_64-unknown-linux-gnu/11.2.0/../../../../lib64]
    arg [-L/lib/../lib64] ==> dir [/lib/../lib64]
    arg [-L/usr/lib/../lib64] ==> dir [/usr/lib/../lib64]
    arg [-L/nfs_eda_sw/softwares/opensource/gcc/gcc-11.2.0/lib/gcc/x86_64-unknown-linux-gnu/11.2.0/../../..] ==> dir [/nfs_eda_sw/softwares/opensource/gcc/gcc-11.2.0/lib/gcc/x86_64-unknown-linux-gnu/11.2.0/../../..]
    arg [CMakeFiles/cmTC_82bf7.dir/CMakeCCompilerABI.c.o] ==> ignore
    arg [-lgcc] ==> lib [gcc]
    arg [--as-needed] ==> ignore
    arg [-lgcc_s] ==> lib [gcc_s]
    arg [--no-as-needed] ==> ignore
    arg [-lc] ==> lib [c]
    arg [-lgcc] ==> lib [gcc]
    arg [--as-needed] ==> ignore
    arg [-lgcc_s] ==> lib [gcc_s]
    arg [--no-as-needed] ==> ignore
    arg [/nfs_eda_sw/softwares/opensource/gcc/gcc-11.2.0/lib/gcc/x86_64-unknown-linux-gnu/11.2.0/crtend.o] ==> ignore
    arg [/lib/../lib64/crtn.o] ==> ignore
  collapse library dir [/nfs_eda_sw/softwares/opensource/gcc/gcc-11.2.0/lib/gcc/x86_64-unknown-linux-gnu/11.2.0] ==> [/nfs_eda_sw/softwares/opensource/gcc/gcc-11.2.0/lib/gcc/x86_64-unknown-linux-gnu/11.2.0]
  collapse library dir [/nfs_eda_sw/softwares/opensource/gcc/gcc-11.2.0/lib/gcc/x86_64-unknown-linux-gnu/11.2.0/../../../../lib64] ==> [/nfs_eda_sw/softwares/opensource/gcc/gcc-11.2.0/lib64]
  collapse library dir [/lib/../lib64] ==> [/lib64]
  collapse library dir [/usr/lib/../lib64] ==> [/usr/lib64]
  collapse library dir [/nfs_eda_sw/softwares/opensource/gcc/gcc-11.2.0/lib/gcc/x86_64-unknown-linux-gnu/11.2.0/../../..] ==> [/nfs_eda_sw/softwares/opensource/gcc/gcc-11.2.0/lib]
  implicit libs: [gcc;gcc_s;c;gcc;gcc_s]
  implicit dirs: [/nfs_eda_sw/softwares/opensource/gcc/gcc-11.2.0/lib/gcc/x86_64-unknown-linux-gnu/11.2.0;/nfs_eda_sw/softwares/opensource/gcc/gcc-11.2.0/lib64;/lib64;/usr/lib64;/nfs_eda_sw/softwares/opensource/gcc/gcc-11.2.0/lib]
  implicit fwks: []


Determining if the CXX compiler works passed with the following output:
Change Dir: /nfs_scratch/scratch/eda/behzad/Raptor/Raptor_Tools/gatelevel_readers/compare_ports/CMakeFiles/CMakeTmp

Run Build Command(s):/usr/bin/gmake cmTC_72066/fast && /usr/bin/gmake -f CMakeFiles/cmTC_72066.dir/build.make CMakeFiles/cmTC_72066.dir/build
gmake[1]: Entering directory `/nfs_scratch/scratch/eda/behzad/Raptor/Raptor_Tools/gatelevel_readers/compare_ports/CMakeFiles/CMakeTmp'
Building CXX object CMakeFiles/cmTC_72066.dir/testCXXCompiler.cxx.o
/nfs_eda_sw/softwares/opensource/gcc/gcc-11.2.0/bin/g++     -o CMakeFiles/cmTC_72066.dir/testCXXCompiler.cxx.o -c /nfs_scratch/scratch/eda/behzad/Raptor/Raptor_Tools/gatelevel_readers/compare_ports/CMakeFiles/CMakeTmp/testCXXCompiler.cxx
Linking CXX executable cmTC_72066
/nfs_cadtools/opensource/cmake-3.16.2-Linux-x86_64/bin/cmake -E cmake_link_script CMakeFiles/cmTC_72066.dir/link.txt --verbose=1
/nfs_eda_sw/softwares/opensource/gcc/gcc-11.2.0/bin/g++       CMakeFiles/cmTC_72066.dir/testCXXCompiler.cxx.o  -o cmTC_72066 
gmake[1]: Leaving directory `/nfs_scratch/scratch/eda/behzad/Raptor/Raptor_Tools/gatelevel_readers/compare_ports/CMakeFiles/CMakeTmp'



Detecting CXX compiler ABI info compiled with the following output:
Change Dir: /nfs_scratch/scratch/eda/behzad/Raptor/Raptor_Tools/gatelevel_readers/compare_ports/CMakeFiles/CMakeTmp

Run Build Command(s):/usr/bin/gmake cmTC_c3e58/fast && /usr/bin/gmake -f CMakeFiles/cmTC_c3e58.dir/build.make CMakeFiles/cmTC_c3e58.dir/build
gmake[1]: Entering directory `/nfs_scratch/scratch/eda/behzad/Raptor/Raptor_Tools/gatelevel_readers/compare_ports/CMakeFiles/CMakeTmp'
Building CXX object CMakeFiles/cmTC_c3e58.dir/CMakeCXXCompilerABI.cpp.o
/nfs_eda_sw/softwares/opensource/gcc/gcc-11.2.0/bin/g++    -v -o CMakeFiles/cmTC_c3e58.dir/CMakeCXXCompilerABI.cpp.o -c /nfs_cadtools/opensource/cmake-3.16.2-Linux-x86_64/share/cmake-3.16/Modules/CMakeCXXCompilerABI.cpp
Using built-in specs.
COLLECT_GCC=/nfs_eda_sw/softwares/opensource/gcc/gcc-11.2.0/bin/g++
Target: x86_64-unknown-linux-gnu
Configured with: /nfs_eda_sw/softwares/opensource/gcc/gcc-11.2.0_source/gcc-11.2.0/configure --prefix=/nfs_eda_sw/softwares/opensource/gcc/gcc-11.2.0 --enable-bootstrap --enable-shared --enable-threads=posix --enable-checking=release --with-system-zlib --enable-__cxa_atexit --disable-libunwind-exceptions --enable-linker-build-id --enable-languages=c,c++,lto --disable-vtable-verify --with-default-libstdcxx-abi=new --enable-libstdcxx-debug --without-included-gettext --enable-plugin --disable-initfini-array --disable-libgcj --enable-plugin --disable-multilib --with-tune=generic --build=x86_64-unknown-linux-gnu --target=x86_64-unknown-linux-gnu --host=x86_64-unknown-linux-gnu --with-pkgversion=RapidSilicon
Thread model: posix
Supported LTO compression algorithms: zlib
gcc version 11.2.0 (RapidSilicon) 
COLLECT_GCC_OPTIONS='-v' '-o' 'CMakeFiles/cmTC_c3e58.dir/CMakeCXXCompilerABI.cpp.o' '-c' '-shared-libgcc' '-mtune=generic' '-march=x86-64' '-dumpdir' 'CMakeFiles/cmTC_c3e58.dir/'
 /nfs_eda_sw/softwares/opensource/gcc/gcc-11.2.0/libexec/gcc/x86_64-unknown-linux-gnu/11.2.0/cc1plus -quiet -v -D_GNU_SOURCE /nfs_cadtools/opensource/cmake-3.16.2-Linux-x86_64/share/cmake-3.16/Modules/CMakeCXXCompilerABI.cpp -quiet -dumpdir CMakeFiles/cmTC_c3e58.dir/ -dumpbase CMakeCXXCompilerABI.cpp.cpp -dumpbase-ext .cpp -mtune=generic -march=x86-64 -version -o /tmp/ccBU2HmH.s
GNU C++17 (RapidSilicon) version 11.2.0 (x86_64-unknown-linux-gnu)
	compiled by GNU C version 11.2.0, GMP version 6.1.2, MPFR version 3.1.6, MPC version 1.0.3, isl version isl-0.18-GMP

GGC heuristics: --param ggc-min-expand=100 --param ggc-min-heapsize=131072
ignoring nonexistent directory "/nfs_eda_sw/softwares/opensource/gcc/gcc-11.2.0/lib/gcc/x86_64-unknown-linux-gnu/11.2.0/../../../../x86_64-unknown-linux-gnu/include"
#include "..." search starts here:
#include <...> search starts here:
 /nfs_eda_sw/softwares/opensource/gcc/gcc-11.2.0/lib/gcc/x86_64-unknown-linux-gnu/11.2.0/../../../../include/c++/11.2.0
 /nfs_eda_sw/softwares/opensource/gcc/gcc-11.2.0/lib/gcc/x86_64-unknown-linux-gnu/11.2.0/../../../../include/c++/11.2.0/x86_64-unknown-linux-gnu
 /nfs_eda_sw/softwares/opensource/gcc/gcc-11.2.0/lib/gcc/x86_64-unknown-linux-gnu/11.2.0/../../../../include/c++/11.2.0/backward
 /nfs_eda_sw/softwares/opensource/gcc/gcc-11.2.0/lib/gcc/x86_64-unknown-linux-gnu/11.2.0/include
 /usr/local/include
 /nfs_eda_sw/softwares/opensource/gcc/gcc-11.2.0/include
 /nfs_eda_sw/softwares/opensource/gcc/gcc-11.2.0/lib/gcc/x86_64-unknown-linux-gnu/11.2.0/include-fixed
 /usr/include
End of search list.
GNU C++17 (RapidSilicon) version 11.2.0 (x86_64-unknown-linux-gnu)
	compiled by GNU C version 11.2.0, GMP version 6.1.2, MPFR version 3.1.6, MPC version 1.0.3, isl version isl-0.18-GMP

GGC heuristics: --param ggc-min-expand=100 --param ggc-min-heapsize=131072
Compiler executable checksum: 2c1c346655f6630f7ceef791a48fc60b
COLLECT_GCC_OPTIONS='-v' '-o' 'CMakeFiles/cmTC_c3e58.dir/CMakeCXXCompilerABI.cpp.o' '-c' '-shared-libgcc' '-mtune=generic' '-march=x86-64' '-dumpdir' 'CMakeFiles/cmTC_c3e58.dir/'
 as -v --64 -o CMakeFiles/cmTC_c3e58.dir/CMakeCXXCompilerABI.cpp.o /tmp/ccBU2HmH.s
GNU assembler version 2.27 (x86_64-redhat-linux) using BFD version version 2.27-44.base.el7_9.1
COMPILER_PATH=/nfs_eda_sw/softwares/opensource/gcc/gcc-11.2.0/libexec/gcc/x86_64-unknown-linux-gnu/11.2.0/:/nfs_eda_sw/softwares/opensource/gcc/gcc-11.2.0/libexec/gcc/x86_64-unknown-linux-gnu/11.2.0/:/nfs_eda_sw/softwares/opensource/gcc/gcc-11.2.0/libexec/gcc/x86_64-unknown-linux-gnu/:/nfs_eda_sw/softwares/opensource/gcc/gcc-11.2.0/lib/gcc/x86_64-unknown-linux-gnu/11.2.0/:/nfs_eda_sw/softwares/opensource/gcc/gcc-11.2.0/lib/gcc/x86_64-unknown-linux-gnu/
LIBRARY_PATH=/nfs_eda_sw/softwares/opensource/gcc/gcc-11.2.0/lib/gcc/x86_64-unknown-linux-gnu/11.2.0/:/nfs_eda_sw/softwares/opensource/gcc/gcc-11.2.0/lib/gcc/x86_64-unknown-linux-gnu/11.2.0/../../../../lib64/:/lib/../lib64/:/usr/lib/../lib64/:/nfs_eda_sw/softwares/opensource/gcc/gcc-11.2.0/lib/gcc/x86_64-unknown-linux-gnu/11.2.0/../../../:/lib/:/usr/lib/
COLLECT_GCC_OPTIONS='-v' '-o' 'CMakeFiles/cmTC_c3e58.dir/CMakeCXXCompilerABI.cpp.o' '-c' '-shared-libgcc' '-mtune=generic' '-march=x86-64' '-dumpdir' 'CMakeFiles/cmTC_c3e58.dir/CMakeCXXCompilerABI.cpp.'
Linking CXX executable cmTC_c3e58
/nfs_cadtools/opensource/cmake-3.16.2-Linux-x86_64/bin/cmake -E cmake_link_script CMakeFiles/cmTC_c3e58.dir/link.txt --verbose=1
/nfs_eda_sw/softwares/opensource/gcc/gcc-11.2.0/bin/g++      -v CMakeFiles/cmTC_c3e58.dir/CMakeCXXCompilerABI.cpp.o  -o cmTC_c3e58 
Using built-in specs.
COLLECT_GCC=/nfs_eda_sw/softwares/opensource/gcc/gcc-11.2.0/bin/g++
COLLECT_LTO_WRAPPER=/nfs_eda_sw/softwares/opensource/gcc/gcc-11.2.0/libexec/gcc/x86_64-unknown-linux-gnu/11.2.0/lto-wrapper
Target: x86_64-unknown-linux-gnu
Configured with: /nfs_eda_sw/softwares/opensource/gcc/gcc-11.2.0_source/gcc-11.2.0/configure --prefix=/nfs_eda_sw/softwares/opensource/gcc/gcc-11.2.0 --enable-bootstrap --enable-shared --enable-threads=posix --enable-checking=release --with-system-zlib --enable-__cxa_atexit --disable-libunwind-exceptions --enable-linker-build-id --enable-languages=c,c++,lto --disable-vtable-verify --with-default-libstdcxx-abi=new --enable-libstdcxx-debug --without-included-gettext --enable-plugin --disable-initfini-array --disable-libgcj --enable-plugin --disable-multilib --with-tune=generic --build=x86_64-unknown-linux-gnu --target=x86_64-unknown-linux-gnu --host=x86_64-unknown-linux-gnu --with-pkgversion=RapidSilicon
Thread model: posix
Supported LTO compression algorithms: zlib
gcc version 11.2.0 (RapidSilicon) 
COMPILER_PATH=/nfs_eda_sw/softwares/opensource/gcc/gcc-11.2.0/libexec/gcc/x86_64-unknown-linux-gnu/11.2.0/:/nfs_eda_sw/softwares/opensource/gcc/gcc-11.2.0/libexec/gcc/x86_64-unknown-linux-gnu/11.2.0/:/nfs_eda_sw/softwares/opensource/gcc/gcc-11.2.0/libexec/gcc/x86_64-unknown-linux-gnu/:/nfs_eda_sw/softwares/opensource/gcc/gcc-11.2.0/lib/gcc/x86_64-unknown-linux-gnu/11.2.0/:/nfs_eda_sw/softwares/opensource/gcc/gcc-11.2.0/lib/gcc/x86_64-unknown-linux-gnu/
LIBRARY_PATH=/nfs_eda_sw/softwares/opensource/gcc/gcc-11.2.0/lib/gcc/x86_64-unknown-linux-gnu/11.2.0/:/nfs_eda_sw/softwares/opensource/gcc/gcc-11.2.0/lib/gcc/x86_64-unknown-linux-gnu/11.2.0/../../../../lib64/:/lib/../lib64/:/usr/lib/../lib64/:/nfs_eda_sw/softwares/opensource/gcc/gcc-11.2.0/lib/gcc/x86_64-unknown-linux-gnu/11.2.0/../../../:/lib/:/usr/lib/
COLLECT_GCC_OPTIONS='-v' '-o' 'cmTC_c3e58' '-shared-libgcc' '-mtune=generic' '-march=x86-64' '-dumpdir' 'cmTC_c3e58.'
 /nfs_eda_sw/softwares/opensource/gcc/gcc-11.2.0/libexec/gcc/x86_64-unknown-linux-gnu/11.2.0/collect2 -plugin /nfs_eda_sw/softwares/opensource/gcc/gcc-11.2.0/libexec/gcc/x86_64-unknown-linux-gnu/11.2.0/liblto_plugin.so -plugin-opt=/nfs_eda_sw/softwares/opensource/gcc/gcc-11.2.0/libexec/gcc/x86_64-unknown-linux-gnu/11.2.0/lto-wrapper -plugin-opt=-fresolution=/tmp/ccGzQ4tJ.res -plugin-opt=-pass-through=-lgcc_s -plugin-opt=-pass-through=-lgcc -plugin-opt=-pass-through=-lc -plugin-opt=-pass-through=-lgcc_s -plugin-opt=-pass-through=-lgcc --build-id --eh-frame-hdr -m elf_x86_64 -dynamic-linker /lib64/ld-linux-x86-64.so.2 -o cmTC_c3e58 /lib/../lib64/crt1.o /lib/../lib64/crti.o /nfs_eda_sw/softwares/opensource/gcc/gcc-11.2.0/lib/gcc/x86_64-unknown-linux-gnu/11.2.0/crtbegin.o -L/nfs_eda_sw/softwares/opensource/gcc/gcc-11.2.0/lib/gcc/x86_64-unknown-linux-gnu/11.2.0 -L/nfs_eda_sw/softwares/opensource/gcc/gcc-11.2.0/lib/gcc/x86_64-unknown-linux-gnu/11.2.0/../../../../lib64 -L/lib/../lib64 -L/usr/lib/../lib64 -L/nfs_eda_sw/softwares/opensource/gcc/gcc-11.2.0/lib/gcc/x86_64-unknown-linux-gnu/11.2.0/../../.. CMakeFiles/cmTC_c3e58.dir/CMakeCXXCompilerABI.cpp.o -lstdc++ -lm -lgcc_s -lgcc -lc -lgcc_s -lgcc /nfs_eda_sw/softwares/opensource/gcc/gcc-11.2.0/lib/gcc/x86_64-unknown-linux-gnu/11.2.0/crtend.o /lib/../lib64/crtn.o
COLLECT_GCC_OPTIONS='-v' '-o' 'cmTC_c3e58' '-shared-libgcc' '-mtune=generic' '-march=x86-64' '-dumpdir' 'cmTC_c3e58.'
gmake[1]: Leaving directory `/nfs_scratch/scratch/eda/behzad/Raptor/Raptor_Tools/gatelevel_readers/compare_ports/CMakeFiles/CMakeTmp'



Parsed CXX implicit include dir info from above output: rv=done
  found start of include info
  found start of implicit include info
    add: [/nfs_eda_sw/softwares/opensource/gcc/gcc-11.2.0/lib/gcc/x86_64-unknown-linux-gnu/11.2.0/../../../../include/c++/11.2.0]
    add: [/nfs_eda_sw/softwares/opensource/gcc/gcc-11.2.0/lib/gcc/x86_64-unknown-linux-gnu/11.2.0/../../../../include/c++/11.2.0/x86_64-unknown-linux-gnu]
    add: [/nfs_eda_sw/softwares/opensource/gcc/gcc-11.2.0/lib/gcc/x86_64-unknown-linux-gnu/11.2.0/../../../../include/c++/11.2.0/backward]
    add: [/nfs_eda_sw/softwares/opensource/gcc/gcc-11.2.0/lib/gcc/x86_64-unknown-linux-gnu/11.2.0/include]
    add: [/usr/local/include]
    add: [/nfs_eda_sw/softwares/opensource/gcc/gcc-11.2.0/include]
    add: [/nfs_eda_sw/softwares/opensource/gcc/gcc-11.2.0/lib/gcc/x86_64-unknown-linux-gnu/11.2.0/include-fixed]
    add: [/usr/include]
  end of search list found
  collapse include dir [/nfs_eda_sw/softwares/opensource/gcc/gcc-11.2.0/lib/gcc/x86_64-unknown-linux-gnu/11.2.0/../../../../include/c++/11.2.0] ==> [/nfs_eda_sw/softwares/opensource/gcc/gcc-11.2.0/include/c++/11.2.0]
  collapse include dir [/nfs_eda_sw/softwares/opensource/gcc/gcc-11.2.0/lib/gcc/x86_64-unknown-linux-gnu/11.2.0/../../../../include/c++/11.2.0/x86_64-unknown-linux-gnu] ==> [/nfs_eda_sw/softwares/opensource/gcc/gcc-11.2.0/include/c++/11.2.0/x86_64-unknown-linux-gnu]
  collapse include dir [/nfs_eda_sw/softwares/opensource/gcc/gcc-11.2.0/lib/gcc/x86_64-unknown-linux-gnu/11.2.0/../../../../include/c++/11.2.0/backward] ==> [/nfs_eda_sw/softwares/opensource/gcc/gcc-11.2.0/include/c++/11.2.0/backward]
  collapse include dir [/nfs_eda_sw/softwares/opensource/gcc/gcc-11.2.0/lib/gcc/x86_64-unknown-linux-gnu/11.2.0/include] ==> [/nfs_eda_sw/softwares/opensource/gcc/gcc-11.2.0/lib/gcc/x86_64-unknown-linux-gnu/11.2.0/include]
  collapse include dir [/usr/local/include] ==> [/usr/local/include]
  collapse include dir [/nfs_eda_sw/softwares/opensource/gcc/gcc-11.2.0/include] ==> [/nfs_eda_sw/softwares/opensource/gcc/gcc-11.2.0/include]
  collapse include dir [/nfs_eda_sw/softwares/opensource/gcc/gcc-11.2.0/lib/gcc/x86_64-unknown-linux-gnu/11.2.0/include-fixed] ==> [/nfs_eda_sw/softwares/opensource/gcc/gcc-11.2.0/lib/gcc/x86_64-unknown-linux-gnu/11.2.0/include-fixed]
  collapse include dir [/usr/include] ==> [/usr/include]
  implicit include dirs: [/nfs_eda_sw/softwares/opensource/gcc/gcc-11.2.0/include/c++/11.2.0;/nfs_eda_sw/softwares/opensource/gcc/gcc-11.2.0/include/c++/11.2.0/x86_64-unknown-linux-gnu;/nfs_eda_sw/softwares/opensource/gcc/gcc-11.2.0/include/c++/11.2.0/backward;/nfs_eda_sw/softwares/opensource/gcc/gcc-11.2.0/lib/gcc/x86_64-unknown-linux-gnu/11.2.0/include;/usr/local/include;/nfs_eda_sw/softwares/opensource/gcc/gcc-11.2.0/include;/nfs_eda_sw/softwares/opensource/gcc/gcc-11.2.0/lib/gcc/x86_64-unknown-linux-gnu/11.2.0/include-fixed;/usr/include]


Parsed CXX implicit link information from above output:
  link line regex: [^( *|.*[/\])(ld|CMAKE_LINK_STARTFILE-NOTFOUND|([^/\]+-)?ld|collect2)[^/\]*( |$)]
  ignore line: [Change Dir: /nfs_scratch/scratch/eda/behzad/Raptor/Raptor_Tools/gatelevel_readers/compare_ports/CMakeFiles/CMakeTmp]
  ignore line: []
  ignore line: [Run Build Command(s):/usr/bin/gmake cmTC_c3e58/fast && /usr/bin/gmake -f CMakeFiles/cmTC_c3e58.dir/build.make CMakeFiles/cmTC_c3e58.dir/build]
  ignore line: [gmake[1]: Entering directory `/nfs_scratch/scratch/eda/behzad/Raptor/Raptor_Tools/gatelevel_readers/compare_ports/CMakeFiles/CMakeTmp']
  ignore line: [Building CXX object CMakeFiles/cmTC_c3e58.dir/CMakeCXXCompilerABI.cpp.o]
  ignore line: [/nfs_eda_sw/softwares/opensource/gcc/gcc-11.2.0/bin/g++    -v -o CMakeFiles/cmTC_c3e58.dir/CMakeCXXCompilerABI.cpp.o -c /nfs_cadtools/opensource/cmake-3.16.2-Linux-x86_64/share/cmake-3.16/Modules/CMakeCXXCompilerABI.cpp]
  ignore line: [Using built-in specs.]
  ignore line: [COLLECT_GCC=/nfs_eda_sw/softwares/opensource/gcc/gcc-11.2.0/bin/g++]
  ignore line: [Target: x86_64-unknown-linux-gnu]
  ignore line: [Configured with: /nfs_eda_sw/softwares/opensource/gcc/gcc-11.2.0_source/gcc-11.2.0/configure --prefix=/nfs_eda_sw/softwares/opensource/gcc/gcc-11.2.0 --enable-bootstrap --enable-shared --enable-threads=posix --enable-checking=release --with-system-zlib --enable-__cxa_atexit --disable-libunwind-exceptions --enable-linker-build-id --enable-languages=c c++ lto --disable-vtable-verify --with-default-libstdcxx-abi=new --enable-libstdcxx-debug --without-included-gettext --enable-plugin --disable-initfini-array --disable-libgcj --enable-plugin --disable-multilib --with-tune=generic --build=x86_64-unknown-linux-gnu --target=x86_64-unknown-linux-gnu --host=x86_64-unknown-linux-gnu --with-pkgversion=RapidSilicon]
  ignore line: [Thread model: posix]
  ignore line: [Supported LTO compression algorithms: zlib]
  ignore line: [gcc version 11.2.0 (RapidSilicon) ]
  ignore line: [COLLECT_GCC_OPTIONS='-v' '-o' 'CMakeFiles/cmTC_c3e58.dir/CMakeCXXCompilerABI.cpp.o' '-c' '-shared-libgcc' '-mtune=generic' '-march=x86-64' '-dumpdir' 'CMakeFiles/cmTC_c3e58.dir/']
  ignore line: [ /nfs_eda_sw/softwares/opensource/gcc/gcc-11.2.0/libexec/gcc/x86_64-unknown-linux-gnu/11.2.0/cc1plus -quiet -v -D_GNU_SOURCE /nfs_cadtools/opensource/cmake-3.16.2-Linux-x86_64/share/cmake-3.16/Modules/CMakeCXXCompilerABI.cpp -quiet -dumpdir CMakeFiles/cmTC_c3e58.dir/ -dumpbase CMakeCXXCompilerABI.cpp.cpp -dumpbase-ext .cpp -mtune=generic -march=x86-64 -version -o /tmp/ccBU2HmH.s]
  ignore line: [GNU C++17 (RapidSilicon) version 11.2.0 (x86_64-unknown-linux-gnu)]
  ignore line: [	compiled by GNU C version 11.2.0  GMP version 6.1.2  MPFR version 3.1.6  MPC version 1.0.3  isl version isl-0.18-GMP]
  ignore line: []
  ignore line: [GGC heuristics: --param ggc-min-expand=100 --param ggc-min-heapsize=131072]
  ignore line: [ignoring nonexistent directory "/nfs_eda_sw/softwares/opensource/gcc/gcc-11.2.0/lib/gcc/x86_64-unknown-linux-gnu/11.2.0/../../../../x86_64-unknown-linux-gnu/include"]
  ignore line: [#include "..." search starts here:]
  ignore line: [#include <...> search starts here:]
  ignore line: [ /nfs_eda_sw/softwares/opensource/gcc/gcc-11.2.0/lib/gcc/x86_64-unknown-linux-gnu/11.2.0/../../../../include/c++/11.2.0]
  ignore line: [ /nfs_eda_sw/softwares/opensource/gcc/gcc-11.2.0/lib/gcc/x86_64-unknown-linux-gnu/11.2.0/../../../../include/c++/11.2.0/x86_64-unknown-linux-gnu]
  ignore line: [ /nfs_eda_sw/softwares/opensource/gcc/gcc-11.2.0/lib/gcc/x86_64-unknown-linux-gnu/11.2.0/../../../../include/c++/11.2.0/backward]
  ignore line: [ /nfs_eda_sw/softwares/opensource/gcc/gcc-11.2.0/lib/gcc/x86_64-unknown-linux-gnu/11.2.0/include]
  ignore line: [ /usr/local/include]
  ignore line: [ /nfs_eda_sw/softwares/opensource/gcc/gcc-11.2.0/include]
  ignore line: [ /nfs_eda_sw/softwares/opensource/gcc/gcc-11.2.0/lib/gcc/x86_64-unknown-linux-gnu/11.2.0/include-fixed]
  ignore line: [ /usr/include]
  ignore line: [End of search list.]
  ignore line: [GNU C++17 (RapidSilicon) version 11.2.0 (x86_64-unknown-linux-gnu)]
  ignore line: [	compiled by GNU C version 11.2.0  GMP version 6.1.2  MPFR version 3.1.6  MPC version 1.0.3  isl version isl-0.18-GMP]
  ignore line: []
  ignore line: [GGC heuristics: --param ggc-min-expand=100 --param ggc-min-heapsize=131072]
  ignore line: [Compiler executable checksum: 2c1c346655f6630f7ceef791a48fc60b]
  ignore line: [COLLECT_GCC_OPTIONS='-v' '-o' 'CMakeFiles/cmTC_c3e58.dir/CMakeCXXCompilerABI.cpp.o' '-c' '-shared-libgcc' '-mtune=generic' '-march=x86-64' '-dumpdir' 'CMakeFiles/cmTC_c3e58.dir/']
  ignore line: [ as -v --64 -o CMakeFiles/cmTC_c3e58.dir/CMakeCXXCompilerABI.cpp.o /tmp/ccBU2HmH.s]
  ignore line: [GNU assembler version 2.27 (x86_64-redhat-linux) using BFD version version 2.27-44.base.el7_9.1]
  ignore line: [COMPILER_PATH=/nfs_eda_sw/softwares/opensource/gcc/gcc-11.2.0/libexec/gcc/x86_64-unknown-linux-gnu/11.2.0/:/nfs_eda_sw/softwares/opensource/gcc/gcc-11.2.0/libexec/gcc/x86_64-unknown-linux-gnu/11.2.0/:/nfs_eda_sw/softwares/opensource/gcc/gcc-11.2.0/libexec/gcc/x86_64-unknown-linux-gnu/:/nfs_eda_sw/softwares/opensource/gcc/gcc-11.2.0/lib/gcc/x86_64-unknown-linux-gnu/11.2.0/:/nfs_eda_sw/softwares/opensource/gcc/gcc-11.2.0/lib/gcc/x86_64-unknown-linux-gnu/]
  ignore line: [LIBRARY_PATH=/nfs_eda_sw/softwares/opensource/gcc/gcc-11.2.0/lib/gcc/x86_64-unknown-linux-gnu/11.2.0/:/nfs_eda_sw/softwares/opensource/gcc/gcc-11.2.0/lib/gcc/x86_64-unknown-linux-gnu/11.2.0/../../../../lib64/:/lib/../lib64/:/usr/lib/../lib64/:/nfs_eda_sw/softwares/opensource/gcc/gcc-11.2.0/lib/gcc/x86_64-unknown-linux-gnu/11.2.0/../../../:/lib/:/usr/lib/]
  ignore line: [COLLECT_GCC_OPTIONS='-v' '-o' 'CMakeFiles/cmTC_c3e58.dir/CMakeCXXCompilerABI.cpp.o' '-c' '-shared-libgcc' '-mtune=generic' '-march=x86-64' '-dumpdir' 'CMakeFiles/cmTC_c3e58.dir/CMakeCXXCompilerABI.cpp.']
  ignore line: [Linking CXX executable cmTC_c3e58]
  ignore line: [/nfs_cadtools/opensource/cmake-3.16.2-Linux-x86_64/bin/cmake -E cmake_link_script CMakeFiles/cmTC_c3e58.dir/link.txt --verbose=1]
  ignore line: [/nfs_eda_sw/softwares/opensource/gcc/gcc-11.2.0/bin/g++      -v CMakeFiles/cmTC_c3e58.dir/CMakeCXXCompilerABI.cpp.o  -o cmTC_c3e58 ]
  ignore line: [Using built-in specs.]
  ignore line: [COLLECT_GCC=/nfs_eda_sw/softwares/opensource/gcc/gcc-11.2.0/bin/g++]
  ignore line: [COLLECT_LTO_WRAPPER=/nfs_eda_sw/softwares/opensource/gcc/gcc-11.2.0/libexec/gcc/x86_64-unknown-linux-gnu/11.2.0/lto-wrapper]
  ignore line: [Target: x86_64-unknown-linux-gnu]
  ignore line: [Configured with: /nfs_eda_sw/softwares/opensource/gcc/gcc-11.2.0_source/gcc-11.2.0/configure --prefix=/nfs_eda_sw/softwares/opensource/gcc/gcc-11.2.0 --enable-bootstrap --enable-shared --enable-threads=posix --enable-checking=release --with-system-zlib --enable-__cxa_atexit --disable-libunwind-exceptions --enable-linker-build-id --enable-languages=c c++ lto --disable-vtable-verify --with-default-libstdcxx-abi=new --enable-libstdcxx-debug --without-included-gettext --enable-plugin --disable-initfini-array --disable-libgcj --enable-plugin --disable-multilib --with-tune=generic --build=x86_64-unknown-linux-gnu --target=x86_64-unknown-linux-gnu --host=x86_64-unknown-linux-gnu --with-pkgversion=RapidSilicon]
  ignore line: [Thread model: posix]
  ignore line: [Supported LTO compression algorithms: zlib]
  ignore line: [gcc version 11.2.0 (RapidSilicon) ]
  ignore line: [COMPILER_PATH=/nfs_eda_sw/softwares/opensource/gcc/gcc-11.2.0/libexec/gcc/x86_64-unknown-linux-gnu/11.2.0/:/nfs_eda_sw/softwares/opensource/gcc/gcc-11.2.0/libexec/gcc/x86_64-unknown-linux-gnu/11.2.0/:/nfs_eda_sw/softwares/opensource/gcc/gcc-11.2.0/libexec/gcc/x86_64-unknown-linux-gnu/:/nfs_eda_sw/softwares/opensource/gcc/gcc-11.2.0/lib/gcc/x86_64-unknown-linux-gnu/11.2.0/:/nfs_eda_sw/softwares/opensource/gcc/gcc-11.2.0/lib/gcc/x86_64-unknown-linux-gnu/]
  ignore line: [LIBRARY_PATH=/nfs_eda_sw/softwares/opensource/gcc/gcc-11.2.0/lib/gcc/x86_64-unknown-linux-gnu/11.2.0/:/nfs_eda_sw/softwares/opensource/gcc/gcc-11.2.0/lib/gcc/x86_64-unknown-linux-gnu/11.2.0/../../../../lib64/:/lib/../lib64/:/usr/lib/../lib64/:/nfs_eda_sw/softwares/opensource/gcc/gcc-11.2.0/lib/gcc/x86_64-unknown-linux-gnu/11.2.0/../../../:/lib/:/usr/lib/]
  ignore line: [COLLECT_GCC_OPTIONS='-v' '-o' 'cmTC_c3e58' '-shared-libgcc' '-mtune=generic' '-march=x86-64' '-dumpdir' 'cmTC_c3e58.']
  link line: [ /nfs_eda_sw/softwares/opensource/gcc/gcc-11.2.0/libexec/gcc/x86_64-unknown-linux-gnu/11.2.0/collect2 -plugin /nfs_eda_sw/softwares/opensource/gcc/gcc-11.2.0/libexec/gcc/x86_64-unknown-linux-gnu/11.2.0/liblto_plugin.so -plugin-opt=/nfs_eda_sw/softwares/opensource/gcc/gcc-11.2.0/libexec/gcc/x86_64-unknown-linux-gnu/11.2.0/lto-wrapper -plugin-opt=-fresolution=/tmp/ccGzQ4tJ.res -plugin-opt=-pass-through=-lgcc_s -plugin-opt=-pass-through=-lgcc -plugin-opt=-pass-through=-lc -plugin-opt=-pass-through=-lgcc_s -plugin-opt=-pass-through=-lgcc --build-id --eh-frame-hdr -m elf_x86_64 -dynamic-linker /lib64/ld-linux-x86-64.so.2 -o cmTC_c3e58 /lib/../lib64/crt1.o /lib/../lib64/crti.o /nfs_eda_sw/softwares/opensource/gcc/gcc-11.2.0/lib/gcc/x86_64-unknown-linux-gnu/11.2.0/crtbegin.o -L/nfs_eda_sw/softwares/opensource/gcc/gcc-11.2.0/lib/gcc/x86_64-unknown-linux-gnu/11.2.0 -L/nfs_eda_sw/softwares/opensource/gcc/gcc-11.2.0/lib/gcc/x86_64-unknown-linux-gnu/11.2.0/../../../../lib64 -L/lib/../lib64 -L/usr/lib/../lib64 -L/nfs_eda_sw/softwares/opensource/gcc/gcc-11.2.0/lib/gcc/x86_64-unknown-linux-gnu/11.2.0/../../.. CMakeFiles/cmTC_c3e58.dir/CMakeCXXCompilerABI.cpp.o -lstdc++ -lm -lgcc_s -lgcc -lc -lgcc_s -lgcc /nfs_eda_sw/softwares/opensource/gcc/gcc-11.2.0/lib/gcc/x86_64-unknown-linux-gnu/11.2.0/crtend.o /lib/../lib64/crtn.o]
    arg [/nfs_eda_sw/softwares/opensource/gcc/gcc-11.2.0/libexec/gcc/x86_64-unknown-linux-gnu/11.2.0/collect2] ==> ignore
    arg [-plugin] ==> ignore
    arg [/nfs_eda_sw/softwares/opensource/gcc/gcc-11.2.0/libexec/gcc/x86_64-unknown-linux-gnu/11.2.0/liblto_plugin.so] ==> ignore
    arg [-plugin-opt=/nfs_eda_sw/softwares/opensource/gcc/gcc-11.2.0/libexec/gcc/x86_64-unknown-linux-gnu/11.2.0/lto-wrapper] ==> ignore
    arg [-plugin-opt=-fresolution=/tmp/ccGzQ4tJ.res] ==> ignore
    arg [-plugin-opt=-pass-through=-lgcc_s] ==> ignore
    arg [-plugin-opt=-pass-through=-lgcc] ==> ignore
    arg [-plugin-opt=-pass-through=-lc] ==> ignore
    arg [-plugin-opt=-pass-through=-lgcc_s] ==> ignore
    arg [-plugin-opt=-pass-through=-lgcc] ==> ignore
    arg [--build-id] ==> ignore
    arg [--eh-frame-hdr] ==> ignore
    arg [-m] ==> ignore
    arg [elf_x86_64] ==> ignore
    arg [-dynamic-linker] ==> ignore
    arg [/lib64/ld-linux-x86-64.so.2] ==> ignore
    arg [-o] ==> ignore
    arg [cmTC_c3e58] ==> ignore
    arg [/lib/../lib64/crt1.o] ==> ignore
    arg [/lib/../lib64/crti.o] ==> ignore
    arg [/nfs_eda_sw/softwares/opensource/gcc/gcc-11.2.0/lib/gcc/x86_64-unknown-linux-gnu/11.2.0/crtbegin.o] ==> ignore
    arg [-L/nfs_eda_sw/softwares/opensource/gcc/gcc-11.2.0/lib/gcc/x86_64-unknown-linux-gnu/11.2.0] ==> dir [/nfs_eda_sw/softwares/opensource/gcc/gcc-11.2.0/lib/gcc/x86_64-unknown-linux-gnu/11.2.0]
    arg [-L/nfs_eda_sw/softwares/opensource/gcc/gcc-11.2.0/lib/gcc/x86_64-unknown-linux-gnu/11.2.0/../../../../lib64] ==> dir [/nfs_eda_sw/softwares/opensource/gcc/gcc-11.2.0/lib/gcc/x86_64-unknown-linux-gnu/11.2.0/../../../../lib64]
    arg [-L/lib/../lib64] ==> dir [/lib/../lib64]
    arg [-L/usr/lib/../lib64] ==> dir [/usr/lib/../lib64]
    arg [-L/nfs_eda_sw/softwares/opensource/gcc/gcc-11.2.0/lib/gcc/x86_64-unknown-linux-gnu/11.2.0/../../..] ==> dir [/nfs_eda_sw/softwares/opensource/gcc/gcc-11.2.0/lib/gcc/x86_64-unknown-linux-gnu/11.2.0/../../..]
    arg [CMakeFiles/cmTC_c3e58.dir/CMakeCXXCompilerABI.cpp.o] ==> ignore
    arg [-lstdc++] ==> lib [stdc++]
    arg [-lm] ==> lib [m]
    arg [-lgcc_s] ==> lib [gcc_s]
    arg [-lgcc] ==> lib [gcc]
    arg [-lc] ==> lib [c]
    arg [-lgcc_s] ==> lib [gcc_s]
    arg [-lgcc] ==> lib [gcc]
    arg [/nfs_eda_sw/softwares/opensource/gcc/gcc-11.2.0/lib/gcc/x86_64-unknown-linux-gnu/11.2.0/crtend.o] ==> ignore
    arg [/lib/../lib64/crtn.o] ==> ignore
  collapse library dir [/nfs_eda_sw/softwares/opensource/gcc/gcc-11.2.0/lib/gcc/x86_64-unknown-linux-gnu/11.2.0] ==> [/nfs_eda_sw/softwares/opensource/gcc/gcc-11.2.0/lib/gcc/x86_64-unknown-linux-gnu/11.2.0]
  collapse library dir [/nfs_eda_sw/softwares/opensource/gcc/gcc-11.2.0/lib/gcc/x86_64-unknown-linux-gnu/11.2.0/../../../../lib64] ==> [/nfs_eda_sw/softwares/opensource/gcc/gcc-11.2.0/lib64]
  collapse library dir [/lib/../lib64] ==> [/lib64]
  collapse library dir [/usr/lib/../lib64] ==> [/usr/lib64]
  collapse library dir [/nfs_eda_sw/softwares/opensource/gcc/gcc-11.2.0/lib/gcc/x86_64-unknown-linux-gnu/11.2.0/../../..] ==> [/nfs_eda_sw/softwares/opensource/gcc/gcc-11.2.0/lib]
  implicit libs: [stdc++;m;gcc_s;gcc;c;gcc_s;gcc]
  implicit dirs: [/nfs_eda_sw/softwares/opensource/gcc/gcc-11.2.0/lib/gcc/x86_64-unknown-linux-gnu/11.2.0;/nfs_eda_sw/softwares/opensource/gcc/gcc-11.2.0/lib64;/lib64;/usr/lib64;/nfs_eda_sw/softwares/opensource/gcc/gcc-11.2.0/lib]
  implicit fwks: []


